<?xml version="1.0" encoding="UTF-8"?>
<testsuite name="list.MyArrayListTest" tests="4" skipped="0" failures="0" errors="0" timestamp="2025-05-10T09:28:49" hostname="DESKTOP-9C2NVDO" time="0.017">
  <properties/>
  <testcase name="delete()" classname="list.MyArrayListTest" time="0.008"/>
  <testcase name="add()" classname="list.MyArrayListTest" time="0.006"/>
  <testcase name="clear()" classname="list.MyArrayListTest" time="0.001"/>
  <testcase name="deleteByIndex()" classname="list.MyArrayListTest" time="0.001"/>
  <system-out><![CDATA[]]></system-out>
  <system-err><![CDATA[]]></system-err>
</testsuite>
